[0.013s] Invoking command in '/home/cody/ros2_ws/src/COMP0246_Labs/build/franka_description': CMAKE_PREFIX_PATH=${CMAKE_PREFIX_PATH}:/home/cody/ros2_ws/src/COMP0246_Labs/install/transform_helpers:/home/cody/ros2_ws/src/COMP0246_Labs/install/py_srvcli:/home/cody/miniforge3/envs/roboenv-py3.10 CONDA_PROMPT_MODIFIER=(roboenv-py3.10) /home/cody/miniforge3/envs/roboenv-py3.10/bin/cmake --build /home/cody/ros2_ws/src/COMP0246_Labs/build/franka_description -- -j10 -l10
[0.412s] Invoked command in '/home/cody/ros2_ws/src/COMP0246_Labs/build/franka_description' returned '0': CMAKE_PREFIX_PATH=${CMAKE_PREFIX_PATH}:/home/cody/ros2_ws/src/COMP0246_Labs/install/transform_helpers:/home/cody/ros2_ws/src/COMP0246_Labs/install/py_srvcli:/home/cody/miniforge3/envs/roboenv-py3.10 CONDA_PROMPT_MODIFIER=(roboenv-py3.10) /home/cody/miniforge3/envs/roboenv-py3.10/bin/cmake --build /home/cody/ros2_ws/src/COMP0246_Labs/build/franka_description -- -j10 -l10
[0.418s] Invoking command in '/home/cody/ros2_ws/src/COMP0246_Labs/build/franka_description': CMAKE_PREFIX_PATH=${CMAKE_PREFIX_PATH}:/home/cody/ros2_ws/src/COMP0246_Labs/install/transform_helpers:/home/cody/ros2_ws/src/COMP0246_Labs/install/py_srvcli:/home/cody/miniforge3/envs/roboenv-py3.10 CONDA_PROMPT_MODIFIER=(roboenv-py3.10) /home/cody/miniforge3/envs/roboenv-py3.10/bin/cmake --install /home/cody/ros2_ws/src/COMP0246_Labs/build/franka_description
[0.423s] -- Install configuration: ""
[0.423s] -- Up-to-date: /home/cody/ros2_ws/src/COMP0246_Labs/install/franka_description/share/franka_description//launch
[0.423s] -- Up-to-date: /home/cody/ros2_ws/src/COMP0246_Labs/install/franka_description/share/franka_description//launch/visualize_franka.launch.py
[0.423s] -- Up-to-date: /home/cody/ros2_ws/src/COMP0246_Labs/install/franka_description/share/franka_description//robots
[0.423s] -- Up-to-date: /home/cody/ros2_ws/src/COMP0246_Labs/install/franka_description/share/franka_description//robots/fr3
[0.423s] -- Up-to-date: /home/cody/ros2_ws/src/COMP0246_Labs/install/franka_description/share/franka_description//robots/fr3/inertials.yaml
[0.423s] -- Up-to-date: /home/cody/ros2_ws/src/COMP0246_Labs/install/franka_description/share/franka_description//robots/fr3/dynamics.yaml
[0.423s] -- Up-to-date: /home/cody/ros2_ws/src/COMP0246_Labs/install/franka_description/share/franka_description//robots/fr3/joint_limits.yaml
[0.423s] -- Up-to-date: /home/cody/ros2_ws/src/COMP0246_Labs/install/franka_description/share/franka_description//robots/fr3/fr3.urdf.xacro
[0.423s] -- Up-to-date: /home/cody/ros2_ws/src/COMP0246_Labs/install/franka_description/share/franka_description//robots/fr3/kinematics.yaml
[0.423s] -- Up-to-date: /home/cody/ros2_ws/src/COMP0246_Labs/install/franka_description/share/franka_description//robots/fer
[0.424s] -- Up-to-date: /home/cody/ros2_ws/src/COMP0246_Labs/install/franka_description/share/franka_description//robots/fer/inertials.yaml
[0.424s] -- Up-to-date: /home/cody/ros2_ws/src/COMP0246_Labs/install/franka_description/share/franka_description//robots/fer/dynamics.yaml
[0.424s] -- Up-to-date: /home/cody/ros2_ws/src/COMP0246_Labs/install/franka_description/share/franka_description//robots/fer/joint_limits.yaml
[0.424s] -- Up-to-date: /home/cody/ros2_ws/src/COMP0246_Labs/install/franka_description/share/franka_description//robots/fer/fer.urdf.xacro
[0.424s] -- Up-to-date: /home/cody/ros2_ws/src/COMP0246_Labs/install/franka_description/share/franka_description//robots/fer/kinematics.yaml
[0.424s] -- Up-to-date: /home/cody/ros2_ws/src/COMP0246_Labs/install/franka_description/share/franka_description//robots/fp3
[0.424s] -- Up-to-date: /home/cody/ros2_ws/src/COMP0246_Labs/install/franka_description/share/franka_description//robots/fp3/fp3.urdf.xacro
[0.425s] -- Up-to-date: /home/cody/ros2_ws/src/COMP0246_Labs/install/franka_description/share/franka_description//robots/fp3/inertials.yaml
[0.425s] -- Up-to-date: /home/cody/ros2_ws/src/COMP0246_Labs/install/franka_description/share/franka_description//robots/fp3/dynamics.yaml
[0.425s] -- Up-to-date: /home/cody/ros2_ws/src/COMP0246_Labs/install/franka_description/share/franka_description//robots/fp3/joint_limits.yaml
[0.425s] -- Up-to-date: /home/cody/ros2_ws/src/COMP0246_Labs/install/franka_description/share/franka_description//robots/fp3/kinematics.yaml
[0.425s] -- Up-to-date: /home/cody/ros2_ws/src/COMP0246_Labs/install/franka_description/share/franka_description//robots/common
[0.425s] -- Up-to-date: /home/cody/ros2_ws/src/COMP0246_Labs/install/franka_description/share/franka_description//robots/common/utils.xacro
[0.425s] -- Up-to-date: /home/cody/ros2_ws/src/COMP0246_Labs/install/franka_description/share/franka_description//robots/common/franka_robot.xacro
[0.425s] -- Up-to-date: /home/cody/ros2_ws/src/COMP0246_Labs/install/franka_description/share/franka_description//robots/common/franka_arm.ros2_control.xacro
[0.425s] -- Up-to-date: /home/cody/ros2_ws/src/COMP0246_Labs/install/franka_description/share/franka_description//robots/common/franka_arm.xacro
[0.425s] -- Up-to-date: /home/cody/ros2_ws/src/COMP0246_Labs/install/franka_description/share/franka_description//end_effectors
[0.425s] -- Up-to-date: /home/cody/ros2_ws/src/COMP0246_Labs/install/franka_description/share/franka_description//end_effectors/franka_hand
[0.425s] -- Up-to-date: /home/cody/ros2_ws/src/COMP0246_Labs/install/franka_description/share/franka_description//end_effectors/franka_hand/inertials.yaml
[0.425s] -- Up-to-date: /home/cody/ros2_ws/src/COMP0246_Labs/install/franka_description/share/franka_description//end_effectors/franka_hand/franka_hand.urdf.xacro
[0.425s] -- Up-to-date: /home/cody/ros2_ws/src/COMP0246_Labs/install/franka_description/share/franka_description//end_effectors/franka_hand/franka_hand_arguments.xacro
[0.426s] -- Up-to-date: /home/cody/ros2_ws/src/COMP0246_Labs/install/franka_description/share/franka_description//end_effectors/cobot_pump
[0.426s] -- Up-to-date: /home/cody/ros2_ws/src/COMP0246_Labs/install/franka_description/share/franka_description//end_effectors/cobot_pump/cobot_pump.urdf.xacro
[0.426s] -- Up-to-date: /home/cody/ros2_ws/src/COMP0246_Labs/install/franka_description/share/franka_description//end_effectors/cobot_pump/inertials.yaml
[0.426s] -- Up-to-date: /home/cody/ros2_ws/src/COMP0246_Labs/install/franka_description/share/franka_description//end_effectors/cobot_pump/cobot_pump_arguments.xacro
[0.426s] -- Up-to-date: /home/cody/ros2_ws/src/COMP0246_Labs/install/franka_description/share/franka_description//end_effectors/common
[0.426s] -- Up-to-date: /home/cody/ros2_ws/src/COMP0246_Labs/install/franka_description/share/franka_description//end_effectors/common/utils.xacro
[0.428s] -- Up-to-date: /home/cody/ros2_ws/src/COMP0246_Labs/install/franka_description/share/franka_description//end_effectors/common/franka_hand.xacro
[0.428s] -- Up-to-date: /home/cody/ros2_ws/src/COMP0246_Labs/install/franka_description/share/franka_description//end_effectors/common/ee_with_one_link.xacro
[0.428s] -- Up-to-date: /home/cody/ros2_ws/src/COMP0246_Labs/install/franka_description/share/franka_description//meshes
[0.428s] -- Up-to-date: /home/cody/ros2_ws/src/COMP0246_Labs/install/franka_description/share/franka_description//meshes/robot_arms
[0.428s] -- Up-to-date: /home/cody/ros2_ws/src/COMP0246_Labs/install/franka_description/share/franka_description//meshes/robot_arms/fr3
[0.428s] -- Up-to-date: /home/cody/ros2_ws/src/COMP0246_Labs/install/franka_description/share/franka_description//meshes/robot_arms/fr3/collision
[0.428s] -- Up-to-date: /home/cody/ros2_ws/src/COMP0246_Labs/install/franka_description/share/franka_description//meshes/robot_arms/fr3/collision/link5.stl
[0.428s] -- Up-to-date: /home/cody/ros2_ws/src/COMP0246_Labs/install/franka_description/share/franka_description//meshes/robot_arms/fr3/collision/link6.stl
[0.428s] -- Up-to-date: /home/cody/ros2_ws/src/COMP0246_Labs/install/franka_description/share/franka_description//meshes/robot_arms/fr3/collision/link3.stl
[0.428s] -- Up-to-date: /home/cody/ros2_ws/src/COMP0246_Labs/install/franka_description/share/franka_description//meshes/robot_arms/fr3/collision/link1.stl
[0.429s] -- Up-to-date: /home/cody/ros2_ws/src/COMP0246_Labs/install/franka_description/share/franka_description//meshes/robot_arms/fr3/collision/link0.stl
[0.430s] -- Up-to-date: /home/cody/ros2_ws/src/COMP0246_Labs/install/franka_description/share/franka_description//meshes/robot_arms/fr3/collision/link7.stl
[0.430s] -- Up-to-date: /home/cody/ros2_ws/src/COMP0246_Labs/install/franka_description/share/franka_description//meshes/robot_arms/fr3/collision/link2.stl
[0.430s] -- Up-to-date: /home/cody/ros2_ws/src/COMP0246_Labs/install/franka_description/share/franka_description//meshes/robot_arms/fr3/collision/link4.stl
[0.430s] -- Up-to-date: /home/cody/ros2_ws/src/COMP0246_Labs/install/franka_description/share/franka_description//meshes/robot_arms/fr3/visual
[0.430s] -- Up-to-date: /home/cody/ros2_ws/src/COMP0246_Labs/install/franka_description/share/franka_description//meshes/robot_arms/fr3/visual/link3.dae
[0.430s] -- Up-to-date: /home/cody/ros2_ws/src/COMP0246_Labs/install/franka_description/share/franka_description//meshes/robot_arms/fr3/visual/link6.dae
[0.430s] -- Up-to-date: /home/cody/ros2_ws/src/COMP0246_Labs/install/franka_description/share/franka_description//meshes/robot_arms/fr3/visual/link2.dae
[0.430s] -- Up-to-date: /home/cody/ros2_ws/src/COMP0246_Labs/install/franka_description/share/franka_description//meshes/robot_arms/fr3/visual/link0.dae
[0.430s] -- Up-to-date: /home/cody/ros2_ws/src/COMP0246_Labs/install/franka_description/share/franka_description//meshes/robot_arms/fr3/visual/link7.dae
[0.430s] -- Up-to-date: /home/cody/ros2_ws/src/COMP0246_Labs/install/franka_description/share/franka_description//meshes/robot_arms/fr3/visual/link1.dae
[0.430s] -- Up-to-date: /home/cody/ros2_ws/src/COMP0246_Labs/install/franka_description/share/franka_description//meshes/robot_arms/fr3/visual/link4.dae
[0.431s] -- Up-to-date: /home/cody/ros2_ws/src/COMP0246_Labs/install/franka_description/share/franka_description//meshes/robot_arms/fr3/visual/link5.dae
[0.431s] -- Up-to-date: /home/cody/ros2_ws/src/COMP0246_Labs/install/franka_description/share/franka_description//meshes/robot_arms/fer
[0.431s] -- Up-to-date: /home/cody/ros2_ws/src/COMP0246_Labs/install/franka_description/share/franka_description//meshes/robot_arms/fer/collision
[0.431s] -- Up-to-date: /home/cody/ros2_ws/src/COMP0246_Labs/install/franka_description/share/franka_description//meshes/robot_arms/fer/collision/link5.stl
[0.431s] -- Up-to-date: /home/cody/ros2_ws/src/COMP0246_Labs/install/franka_description/share/franka_description//meshes/robot_arms/fer/collision/link6.stl
[0.431s] -- Up-to-date: /home/cody/ros2_ws/src/COMP0246_Labs/install/franka_description/share/franka_description//meshes/robot_arms/fer/collision/link3.stl
[0.431s] -- Up-to-date: /home/cody/ros2_ws/src/COMP0246_Labs/install/franka_description/share/franka_description//meshes/robot_arms/fer/collision/link1.stl
[0.431s] -- Up-to-date: /home/cody/ros2_ws/src/COMP0246_Labs/install/franka_description/share/franka_description//meshes/robot_arms/fer/collision/link0.stl
[0.431s] -- Up-to-date: /home/cody/ros2_ws/src/COMP0246_Labs/install/franka_description/share/franka_description//meshes/robot_arms/fer/collision/hand.stl
[0.431s] -- Up-to-date: /home/cody/ros2_ws/src/COMP0246_Labs/install/franka_description/share/franka_description//meshes/robot_arms/fer/collision/link7.stl
[0.431s] -- Up-to-date: /home/cody/ros2_ws/src/COMP0246_Labs/install/franka_description/share/franka_description//meshes/robot_arms/fer/collision/link2.stl
[0.432s] -- Up-to-date: /home/cody/ros2_ws/src/COMP0246_Labs/install/franka_description/share/franka_description//meshes/robot_arms/fer/collision/link4.stl
[0.432s] -- Up-to-date: /home/cody/ros2_ws/src/COMP0246_Labs/install/franka_description/share/franka_description//meshes/robot_arms/fer/visual
[0.432s] -- Up-to-date: /home/cody/ros2_ws/src/COMP0246_Labs/install/franka_description/share/franka_description//meshes/robot_arms/fer/visual/link3.dae
[0.432s] -- Up-to-date: /home/cody/ros2_ws/src/COMP0246_Labs/install/franka_description/share/franka_description//meshes/robot_arms/fer/visual/link6.dae
[0.432s] -- Up-to-date: /home/cody/ros2_ws/src/COMP0246_Labs/install/franka_description/share/franka_description//meshes/robot_arms/fer/visual/link2.dae
[0.432s] -- Up-to-date: /home/cody/ros2_ws/src/COMP0246_Labs/install/franka_description/share/franka_description//meshes/robot_arms/fer/visual/link0.dae
[0.432s] -- Up-to-date: /home/cody/ros2_ws/src/COMP0246_Labs/install/franka_description/share/franka_description//meshes/robot_arms/fer/visual/link7.dae
[0.432s] -- Up-to-date: /home/cody/ros2_ws/src/COMP0246_Labs/install/franka_description/share/franka_description//meshes/robot_arms/fer/visual/finger.dae
[0.432s] -- Up-to-date: /home/cody/ros2_ws/src/COMP0246_Labs/install/franka_description/share/franka_description//meshes/robot_arms/fer/visual/hand.dae
[0.432s] -- Up-to-date: /home/cody/ros2_ws/src/COMP0246_Labs/install/franka_description/share/franka_description//meshes/robot_arms/fer/visual/link1.dae
[0.432s] -- Up-to-date: /home/cody/ros2_ws/src/COMP0246_Labs/install/franka_description/share/franka_description//meshes/robot_arms/fer/visual/link4.dae
[0.432s] -- Up-to-date: /home/cody/ros2_ws/src/COMP0246_Labs/install/franka_description/share/franka_description//meshes/robot_arms/fer/visual/link5.dae
[0.433s] -- Up-to-date: /home/cody/ros2_ws/src/COMP0246_Labs/install/franka_description/share/franka_description//meshes/robot_arms/fp3
[0.433s] -- Up-to-date: /home/cody/ros2_ws/src/COMP0246_Labs/install/franka_description/share/franka_description//meshes/robot_arms/fp3/collision
[0.433s] -- Up-to-date: /home/cody/ros2_ws/src/COMP0246_Labs/install/franka_description/share/franka_description//meshes/robot_arms/fp3/collision/link5.stl
[0.433s] -- Up-to-date: /home/cody/ros2_ws/src/COMP0246_Labs/install/franka_description/share/franka_description//meshes/robot_arms/fp3/collision/link6.stl
[0.433s] -- Up-to-date: /home/cody/ros2_ws/src/COMP0246_Labs/install/franka_description/share/franka_description//meshes/robot_arms/fp3/collision/link3.stl
[0.433s] -- Up-to-date: /home/cody/ros2_ws/src/COMP0246_Labs/install/franka_description/share/franka_description//meshes/robot_arms/fp3/collision/link1.stl
[0.433s] -- Up-to-date: /home/cody/ros2_ws/src/COMP0246_Labs/install/franka_description/share/franka_description//meshes/robot_arms/fp3/collision/link0.stl
[0.433s] -- Up-to-date: /home/cody/ros2_ws/src/COMP0246_Labs/install/franka_description/share/franka_description//meshes/robot_arms/fp3/collision/link7.stl
[0.433s] -- Up-to-date: /home/cody/ros2_ws/src/COMP0246_Labs/install/franka_description/share/franka_description//meshes/robot_arms/fp3/collision/link2.stl
[0.433s] -- Up-to-date: /home/cody/ros2_ws/src/COMP0246_Labs/install/franka_description/share/franka_description//meshes/robot_arms/fp3/collision/link4.stl
[0.434s] -- Up-to-date: /home/cody/ros2_ws/src/COMP0246_Labs/install/franka_description/share/franka_description//meshes/robot_arms/fp3/visual
[0.434s] -- Up-to-date: /home/cody/ros2_ws/src/COMP0246_Labs/install/franka_description/share/franka_description//meshes/robot_arms/fp3/visual/link3.dae
[0.434s] -- Up-to-date: /home/cody/ros2_ws/src/COMP0246_Labs/install/franka_description/share/franka_description//meshes/robot_arms/fp3/visual/link6.dae
[0.434s] -- Up-to-date: /home/cody/ros2_ws/src/COMP0246_Labs/install/franka_description/share/franka_description//meshes/robot_arms/fp3/visual/link2.dae
[0.434s] -- Up-to-date: /home/cody/ros2_ws/src/COMP0246_Labs/install/franka_description/share/franka_description//meshes/robot_arms/fp3/visual/link0.dae
[0.434s] -- Up-to-date: /home/cody/ros2_ws/src/COMP0246_Labs/install/franka_description/share/franka_description//meshes/robot_arms/fp3/visual/link7.dae
[0.434s] -- Up-to-date: /home/cody/ros2_ws/src/COMP0246_Labs/install/franka_description/share/franka_description//meshes/robot_arms/fp3/visual/link1.dae
[0.434s] -- Up-to-date: /home/cody/ros2_ws/src/COMP0246_Labs/install/franka_description/share/franka_description//meshes/robot_arms/fp3/visual/link4.dae
[0.434s] -- Up-to-date: /home/cody/ros2_ws/src/COMP0246_Labs/install/franka_description/share/franka_description//meshes/robot_arms/fp3/visual/link5.dae
[0.434s] -- Up-to-date: /home/cody/ros2_ws/src/COMP0246_Labs/install/franka_description/share/franka_description//meshes/robot_ee
[0.434s] -- Up-to-date: /home/cody/ros2_ws/src/COMP0246_Labs/install/franka_description/share/franka_description//meshes/robot_ee/cobot_pump
[0.434s] -- Up-to-date: /home/cody/ros2_ws/src/COMP0246_Labs/install/franka_description/share/franka_description//meshes/robot_ee/cobot_pump/collision
[0.434s] -- Up-to-date: /home/cody/ros2_ws/src/COMP0246_Labs/install/franka_description/share/franka_description//meshes/robot_ee/cobot_pump/collision/cobot_pump.stl
[0.435s] -- Up-to-date: /home/cody/ros2_ws/src/COMP0246_Labs/install/franka_description/share/franka_description//meshes/robot_ee/cobot_pump/visual
[0.435s] -- Up-to-date: /home/cody/ros2_ws/src/COMP0246_Labs/install/franka_description/share/franka_description//meshes/robot_ee/cobot_pump/visual/cobot_pump.dae
[0.435s] -- Up-to-date: /home/cody/ros2_ws/src/COMP0246_Labs/install/franka_description/share/franka_description//meshes/robot_ee/franka_hand_black
[0.435s] -- Up-to-date: /home/cody/ros2_ws/src/COMP0246_Labs/install/franka_description/share/franka_description//meshes/robot_ee/franka_hand_black/collision
[0.435s] -- Up-to-date: /home/cody/ros2_ws/src/COMP0246_Labs/install/franka_description/share/franka_description//meshes/robot_ee/franka_hand_black/collision/hand.stl
[0.435s] -- Up-to-date: /home/cody/ros2_ws/src/COMP0246_Labs/install/franka_description/share/franka_description//meshes/robot_ee/franka_hand_black/visual
[0.435s] -- Up-to-date: /home/cody/ros2_ws/src/COMP0246_Labs/install/franka_description/share/franka_description//meshes/robot_ee/franka_hand_black/visual/finger.dae
[0.435s] -- Up-to-date: /home/cody/ros2_ws/src/COMP0246_Labs/install/franka_description/share/franka_description//meshes/robot_ee/franka_hand_black/visual/hand.dae
[0.435s] -- Up-to-date: /home/cody/ros2_ws/src/COMP0246_Labs/install/franka_description/share/franka_description//meshes/robot_ee/franka_hand_white
[0.435s] -- Up-to-date: /home/cody/ros2_ws/src/COMP0246_Labs/install/franka_description/share/franka_description//meshes/robot_ee/franka_hand_white/collision
[0.435s] -- Up-to-date: /home/cody/ros2_ws/src/COMP0246_Labs/install/franka_description/share/franka_description//meshes/robot_ee/franka_hand_white/collision/hand.stl
[0.436s] -- Up-to-date: /home/cody/ros2_ws/src/COMP0246_Labs/install/franka_description/share/franka_description//meshes/robot_ee/franka_hand_white/visual
[0.436s] -- Up-to-date: /home/cody/ros2_ws/src/COMP0246_Labs/install/franka_description/share/franka_description//meshes/robot_ee/franka_hand_white/visual/finger.dae
[0.436s] -- Up-to-date: /home/cody/ros2_ws/src/COMP0246_Labs/install/franka_description/share/franka_description//meshes/robot_ee/franka_hand_white/visual/hand.dae
[0.436s] -- Up-to-date: /home/cody/ros2_ws/src/COMP0246_Labs/install/franka_description/share/franka_description//rviz
[0.436s] -- Up-to-date: /home/cody/ros2_ws/src/COMP0246_Labs/install/franka_description/share/franka_description//rviz/visualize_franka.rviz
[0.436s] -- Up-to-date: /home/cody/ros2_ws/src/COMP0246_Labs/install/franka_description/share/franka_description//urdfs
[0.436s] -- Up-to-date: /home/cody/ros2_ws/src/COMP0246_Labs/install/franka_description/share/franka_description//urdfs/fr3_franka_hand.urdf
[0.436s] -- Up-to-date: /home/cody/ros2_ws/src/COMP0246_Labs/install/franka_description/share/franka_description//urdfs/fr3.urdf
[0.436s] -- Up-to-date: /home/cody/ros2_ws/src/COMP0246_Labs/install/franka_description/share/ament_index/resource_index/package_run_dependencies/franka_description
[0.436s] -- Up-to-date: /home/cody/ros2_ws/src/COMP0246_Labs/install/franka_description/share/ament_index/resource_index/parent_prefix_path/franka_description
[0.436s] -- Up-to-date: /home/cody/ros2_ws/src/COMP0246_Labs/install/franka_description/share/franka_description/environment/ament_prefix_path.sh
[0.437s] -- Up-to-date: /home/cody/ros2_ws/src/COMP0246_Labs/install/franka_description/share/franka_description/environment/ament_prefix_path.dsv
[0.437s] -- Up-to-date: /home/cody/ros2_ws/src/COMP0246_Labs/install/franka_description/share/franka_description/environment/path.sh
[0.437s] -- Up-to-date: /home/cody/ros2_ws/src/COMP0246_Labs/install/franka_description/share/franka_description/environment/path.dsv
[0.437s] -- Up-to-date: /home/cody/ros2_ws/src/COMP0246_Labs/install/franka_description/share/franka_description/local_setup.bash
[0.437s] -- Up-to-date: /home/cody/ros2_ws/src/COMP0246_Labs/install/franka_description/share/franka_description/local_setup.sh
[0.437s] -- Up-to-date: /home/cody/ros2_ws/src/COMP0246_Labs/install/franka_description/share/franka_description/local_setup.zsh
[0.437s] -- Up-to-date: /home/cody/ros2_ws/src/COMP0246_Labs/install/franka_description/share/franka_description/local_setup.dsv
[0.437s] -- Installing: /home/cody/ros2_ws/src/COMP0246_Labs/install/franka_description/share/franka_description/package.dsv
[0.437s] -- Up-to-date: /home/cody/ros2_ws/src/COMP0246_Labs/install/franka_description/share/ament_index/resource_index/packages/franka_description
[0.438s] -- Up-to-date: /home/cody/ros2_ws/src/COMP0246_Labs/install/franka_description/share/franka_description/cmake/franka_descriptionConfig.cmake
[0.438s] -- Up-to-date: /home/cody/ros2_ws/src/COMP0246_Labs/install/franka_description/share/franka_description/cmake/franka_descriptionConfig-version.cmake
[0.438s] -- Up-to-date: /home/cody/ros2_ws/src/COMP0246_Labs/install/franka_description/share/franka_description/package.xml
[0.438s] Invoked command in '/home/cody/ros2_ws/src/COMP0246_Labs/build/franka_description' returned '0': CMAKE_PREFIX_PATH=${CMAKE_PREFIX_PATH}:/home/cody/ros2_ws/src/COMP0246_Labs/install/transform_helpers:/home/cody/ros2_ws/src/COMP0246_Labs/install/py_srvcli:/home/cody/miniforge3/envs/roboenv-py3.10 CONDA_PROMPT_MODIFIER=(roboenv-py3.10) /home/cody/miniforge3/envs/roboenv-py3.10/bin/cmake --install /home/cody/ros2_ws/src/COMP0246_Labs/build/franka_description
