[0.932s] Invoking command in '/home/cody/ros2_ws/src/COMP0246_Labs/lab1submission/transform_helpers': AMENT_PREFIX_PATH=/home/cody/ros2_ws/src/COMP0246_Labs/install/franka_description:${AMENT_PREFIX_PATH} CMAKE_PREFIX_PATH=/home/cody/ros2_ws/src/COMP0246_Labs/install/franka_description CONDA_PROMPT_MODIFIER=(roboenv-py3.10) PYTHONPATH=/home/cody/ros2_ws/src/COMP0246_Labs/build/transform_helpers/prefix_override:/home/cody/miniforge3/envs/roboenv-py3.10/lib/python3.10/site-packages/colcon_core/task/python/colcon_distutils_commands:/home/cody/ros2_ws/src/COMP0246_Labs/install/transform_helpers/lib/python3.10/site-packages:${PYTHONPATH} /home/cody/miniforge3/envs/roboenv-py3.10/bin/python3.10 -W ignore:setup.py install is deprecated -W ignore:easy_install command is deprecated setup.py egg_info --egg-base ../../build/transform_helpers build --build-base /home/cody/ros2_ws/src/COMP0246_Labs/build/transform_helpers/build install --record /home/cody/ros2_ws/src/COMP0246_Labs/build/transform_helpers/install.log --single-version-externally-managed install_data
[1.375s] running egg_info
[1.375s] creating ../../build/transform_helpers/transform_helpers.egg-info
[1.407s] writing ../../build/transform_helpers/transform_helpers.egg-info/PKG-INFO
[1.433s] writing dependency_links to ../../build/transform_helpers/transform_helpers.egg-info/dependency_links.txt
[1.511s] writing entry points to ../../build/transform_helpers/transform_helpers.egg-info/entry_points.txt
[1.562s] writing requirements to ../../build/transform_helpers/transform_helpers.egg-info/requires.txt
[1.586s] writing top-level names to ../../build/transform_helpers/transform_helpers.egg-info/top_level.txt
[1.586s] writing manifest file '../../build/transform_helpers/transform_helpers.egg-info/SOURCES.txt'
[1.630s] reading manifest file '../../build/transform_helpers/transform_helpers.egg-info/SOURCES.txt'
[1.631s] writing manifest file '../../build/transform_helpers/transform_helpers.egg-info/SOURCES.txt'
[1.631s] running build
[1.631s] running build_py
[1.631s] creating /home/cody/ros2_ws/src/COMP0246_Labs/build/transform_helpers/build
[1.631s] creating /home/cody/ros2_ws/src/COMP0246_Labs/build/transform_helpers/build/lib
[1.631s] creating /home/cody/ros2_ws/src/COMP0246_Labs/build/transform_helpers/build/lib/transform_helpers
[1.631s] copying transform_helpers/utils.py -> /home/cody/ros2_ws/src/COMP0246_Labs/build/transform_helpers/build/lib/transform_helpers
[1.631s] copying transform_helpers/__init__.py -> /home/cody/ros2_ws/src/COMP0246_Labs/build/transform_helpers/build/lib/transform_helpers
[1.632s] copying transform_helpers/main.py -> /home/cody/ros2_ws/src/COMP0246_Labs/build/transform_helpers/build/lib/transform_helpers
[1.632s] running install
[1.634s] running install_lib
[1.667s] creating /home/cody/ros2_ws/src/COMP0246_Labs/install/transform_helpers/lib/python3.10/site-packages/transform_helpers
[1.667s] copying /home/cody/ros2_ws/src/COMP0246_Labs/build/transform_helpers/build/lib/transform_helpers/utils.py -> /home/cody/ros2_ws/src/COMP0246_Labs/install/transform_helpers/lib/python3.10/site-packages/transform_helpers
[1.667s] copying /home/cody/ros2_ws/src/COMP0246_Labs/build/transform_helpers/build/lib/transform_helpers/__init__.py -> /home/cody/ros2_ws/src/COMP0246_Labs/install/transform_helpers/lib/python3.10/site-packages/transform_helpers
[1.667s] copying /home/cody/ros2_ws/src/COMP0246_Labs/build/transform_helpers/build/lib/transform_helpers/main.py -> /home/cody/ros2_ws/src/COMP0246_Labs/install/transform_helpers/lib/python3.10/site-packages/transform_helpers
[1.668s] byte-compiling /home/cody/ros2_ws/src/COMP0246_Labs/install/transform_helpers/lib/python3.10/site-packages/transform_helpers/utils.py to utils.cpython-310.pyc
[1.668s] byte-compiling /home/cody/ros2_ws/src/COMP0246_Labs/install/transform_helpers/lib/python3.10/site-packages/transform_helpers/__init__.py to __init__.cpython-310.pyc
[1.668s] byte-compiling /home/cody/ros2_ws/src/COMP0246_Labs/install/transform_helpers/lib/python3.10/site-packages/transform_helpers/main.py to main.cpython-310.pyc
[1.668s] running install_data
[1.669s] creating /home/cody/ros2_ws/src/COMP0246_Labs/install/transform_helpers/share/ament_index
[1.669s] creating /home/cody/ros2_ws/src/COMP0246_Labs/install/transform_helpers/share/ament_index/resource_index
[1.669s] creating /home/cody/ros2_ws/src/COMP0246_Labs/install/transform_helpers/share/ament_index/resource_index/packages
[1.674s] copying resource/transform_helpers -> /home/cody/ros2_ws/src/COMP0246_Labs/install/transform_helpers/share/ament_index/resource_index/packages
[1.674s] copying package.xml -> /home/cody/ros2_ws/src/COMP0246_Labs/install/transform_helpers/share/transform_helpers
[1.674s] creating /home/cody/ros2_ws/src/COMP0246_Labs/install/transform_helpers/share/transform_helpers/config
[1.674s] copying config/viz.rviz -> /home/cody/ros2_ws/src/COMP0246_Labs/install/transform_helpers/share/transform_helpers/config
[1.674s] creating /home/cody/ros2_ws/src/COMP0246_Labs/install/transform_helpers/share/transform_helpers/launch
[1.674s] copying launch/bringup.launch.py -> /home/cody/ros2_ws/src/COMP0246_Labs/install/transform_helpers/share/transform_helpers/launch
[1.674s] running install_egg_info
[1.706s] Copying ../../build/transform_helpers/transform_helpers.egg-info to /home/cody/ros2_ws/src/COMP0246_Labs/install/transform_helpers/lib/python3.10/site-packages/transform_helpers-0.0.0-py3.10.egg-info
[1.707s] running install_scripts
[1.775s] Installing main script to /home/cody/ros2_ws/src/COMP0246_Labs/install/transform_helpers/lib/transform_helpers
[1.775s] writing list of installed files to '/home/cody/ros2_ws/src/COMP0246_Labs/build/transform_helpers/install.log'
[1.791s] Invoked command in '/home/cody/ros2_ws/src/COMP0246_Labs/lab1submission/transform_helpers' returned '0': AMENT_PREFIX_PATH=/home/cody/ros2_ws/src/COMP0246_Labs/install/franka_description:${AMENT_PREFIX_PATH} CMAKE_PREFIX_PATH=/home/cody/ros2_ws/src/COMP0246_Labs/install/franka_description CONDA_PROMPT_MODIFIER=(roboenv-py3.10) PYTHONPATH=/home/cody/ros2_ws/src/COMP0246_Labs/build/transform_helpers/prefix_override:/home/cody/miniforge3/envs/roboenv-py3.10/lib/python3.10/site-packages/colcon_core/task/python/colcon_distutils_commands:/home/cody/ros2_ws/src/COMP0246_Labs/install/transform_helpers/lib/python3.10/site-packages:${PYTHONPATH} /home/cody/miniforge3/envs/roboenv-py3.10/bin/python3.10 -W ignore:setup.py install is deprecated -W ignore:easy_install command is deprecated setup.py egg_info --egg-base ../../build/transform_helpers build --build-base /home/cody/ros2_ws/src/COMP0246_Labs/build/transform_helpers/build install --record /home/cody/ros2_ws/src/COMP0246_Labs/build/transform_helpers/install.log --single-version-externally-managed install_data
